<?xml version="1.0" encoding="UTF-8"?>
<testsuite xmlns:xsi="http://www.w3.org/2001/XMLSchema-instance" xsi:noNamespaceSchemaLocation="https://maven.apache.org/surefire/maven-surefire-plugin/xsd/surefire-test-report.xsd" name="com.cck.BatisDemoApplicationTests" time="9.526" tests="4" errors="0" skipped="0" failures="0">
  <properties>
[...]
</properties>
  <testcase name="insertListUser" classname="com.cck.BatisDemoApplicationTests" time="1.511"/>
  <testcase name="selectByPrimaryKey" classname="com.cck.BatisDemoApplicationTests" time="0.17"/>
  <testcase name="addUser" classname="com.cck.BatisDemoApplicationTests" time="0.032"/>
  <testcase name="contextLoads" classname="com.cck.BatisDemoApplicationTests" time="0"/>
</testsuite>